
*** Running vivado
    with args -log led_lights.rdi -applog -m64 -messageDb vivado.pb -mode batch -source led_lights.tcl -notrace


****** Vivado v2013.4 (64-bit)
  **** SW Build 353583 on Mon Dec  9 17:49:19 MST 2013
  **** IP Build 208076 on Mon Dec  2 12:38:17 MST 2013
    ** Copyright 1986-1999, 2001-2013 Xilinx, Inc. All Rights Reserved.

Attempting to get a license: Implementation
Feature available: Implementation
Loading parts and site information from C:/Xilinx/Vivado/2013.4/data/parts/arch.xml
Parsing RTL primitives file [C:/Xilinx/Vivado/2013.4/data/parts/xilinx/rtl/prims/rtl_prims.xml]
Finished parsing RTL primitives file [C:/Xilinx/Vivado/2013.4/data/parts/xilinx/rtl/prims/rtl_prims.xml]
source led_lights.tcl -notrace
Design is defaulting to srcset: sources_1
Design is defaulting to constrset: constrs_1
INFO: [Netlist 29-17] Analyzing 2 Unisim elements for replacement
INFO: [Netlist 29-28] Unisim Transformation completed in 0 CPU seconds
INFO: [Project 1-479] Netlist was created with Vivado 2013.4
Loading clock regions from C:/Xilinx/Vivado/2013.4/data\parts/xilinx/artix7/artix7/xc7a100t/ClockRegion.xml
Loading clock buffers from C:/Xilinx/Vivado/2013.4/data\parts/xilinx/artix7/artix7/xc7a100t/ClockBuffers.xml
Loading clock placement rules from C:/Xilinx/Vivado/2013.4/data/parts/xilinx/artix7/ClockPlacerRules.xml
Loading package pin functions from C:/Xilinx/Vivado/2013.4/data\parts/xilinx/artix7/PinFunctions.xml...
Loading package from C:/Xilinx/Vivado/2013.4/data\parts/xilinx/artix7/artix7/xc7a100t/csg324/Package.xml
Loading io standards from C:/Xilinx/Vivado/2013.4/data\./parts/xilinx/artix7/IOStandards.xml
Loading device configuration modes from C:/Xilinx/Vivado/2013.4/data\parts/xilinx/artix7/ConfigModes.xml
INFO: [Opt 31-140] Inserted 0 IBUFs to IO ports without IO buffers.
INFO: [Opt 31-141] Inserted 0 OBUFs to IO ports without IO buffers.
Parsing XDC File [D:/Xilinx_workspace/led_lights/led_lights.runs/impl_1/.Xil/Vivado-5480-/dcp/led_lights.xdc]
Finished Parsing XDC File [D:/Xilinx_workspace/led_lights/led_lights.runs/impl_1/.Xil/Vivado-5480-/dcp/led_lights.xdc]
INFO: [Opt 31-138] Pushed 0 inverter(s).
INFO: [Memdata 28-144] Successfully populated the BRAM INIT strings from the following elf files: 
INFO: [Project 1-111] Unisim Transformation Summary:
No Unisim elements were transformed.

link_design: Time (s): cpu = 00:00:22 ; elapsed = 00:00:23 . Memory (MB): peak = 848.430 ; gain = 647.371
Command: opt_design
Attempting to get a license for feature 'Implementation' and/or device 'xc7a100t'
INFO: [Common 17-349] Got license for feature 'Implementation' and/or device 'xc7a100t'
Running DRC as a precondition to command opt_design

Starting DRC Task
INFO: [Drc 23-27] Running DRC with 2 threads
INFO: [Project 1-461] DRC finished with 0 Errors
INFO: [Project 1-462] Please refer to the DRC report (report_drc) for more information.

Time (s): cpu = 00:00:00 ; elapsed = 00:00:00.136 . Memory (MB): peak = 850.547 ; gain = 2.117

Starting Logic Optimization Task
INFO: [Timing 38-35] Done setting XDC timing constraints.

Phase 1 Retarget

INFO: [Opt 31-138] Pushed 0 inverter(s).
INFO: [Opt 31-49] Retargeted 0 cell(s).
Phase 1 Retarget | Checksum: 19ab2bbf1

Time (s): cpu = 00:00:00 ; elapsed = 00:00:00.043 . Memory (MB): peak = 850.688 ; gain = 0.141

Phase 2 Constant Propagation
INFO: [Opt 31-138] Pushed 0 inverter(s).
INFO: [Opt 31-10] Eliminated 25 cells.
Phase 2 Constant Propagation | Checksum: 242c6e1d2

Time (s): cpu = 00:00:00 ; elapsed = 00:00:00.067 . Memory (MB): peak = 850.688 ; gain = 0.141

Phase 3 Sweep
INFO: [Opt 31-12] Eliminated 44 unconnected nets.
INFO: [Opt 31-11] Eliminated 0 unconnected cells.
Phase 3 Sweep | Checksum: 1bac850f6

Time (s): cpu = 00:00:00 ; elapsed = 00:00:00.083 . Memory (MB): peak = 850.688 ; gain = 0.141
Ending Logic Optimization Task | Checksum: 1bac850f6

Time (s): cpu = 00:00:00 ; elapsed = 00:00:00.084 . Memory (MB): peak = 850.688 ; gain = 0.141
Implement Debug Cores | Checksum: 19ab2bbf1
Logic Optimization | Checksum: 19ab2bbf1

Starting Power Optimization Task
Ending Power Optimization Task | Checksum: 1bac850f6

Time (s): cpu = 00:00:00 ; elapsed = 00:00:00.005 . Memory (MB): peak = 850.688 ; gain = 0.000
INFO: [Common 17-83] Releasing license: Implementation
20 Infos, 0 Warnings, 0 Critical Warnings and 0 Errors encountered.
opt_design completed successfully
INFO: [Timing 38-35] Done setting XDC timing constraints.
Command: place_design
Attempting to get a license for feature 'Implementation' and/or device 'xc7a100t'
INFO: [Common 17-349] Got license for feature 'Implementation' and/or device 'xc7a100t'
Running DRC as a precondition to command place_design
INFO: [Drc 23-27] Running DRC with 2 threads
INFO: [Vivado_Tcl 4-198] DRC finished with 0 Errors
INFO: [Vivado_Tcl 4-199] Please refer to the DRC report (report_drc) for more information.

Starting Placer Task
INFO: [Place 30-611] Multithreading enabled for place_design using a maximum of 2 CPUs

Phase 1 Placer Initialization

Phase 1.1 Placer Initialization Core
Netlist sorting complete. Time (s): cpu = 00:00:00 ; elapsed = 00:00:00 . Memory (MB): peak = 855.898 ; gain = 0.000

Phase 1.1.1 Mandatory Logic Optimization
INFO: [Opt 31-140] Inserted 0 IBUFs to IO ports without IO buffers.
INFO: [Opt 31-141] Inserted 0 OBUFs to IO ports without IO buffers.
INFO: [Opt 31-138] Pushed 0 inverter(s).
Netlist sorting complete. Time (s): cpu = 00:00:00 ; elapsed = 00:00:00 . Memory (MB): peak = 855.898 ; gain = 0.000
Phase 1.1.1 Mandatory Logic Optimization | Checksum: 99f8b879

Time (s): cpu = 00:00:00 ; elapsed = 00:00:00.028 . Memory (MB): peak = 855.898 ; gain = 0.000

Phase 1.1.2 Build Super Logic Region (SLR) Database
Phase 1.1.2 Build Super Logic Region (SLR) Database | Checksum: 99f8b879

Time (s): cpu = 00:00:00 ; elapsed = 00:00:00.057 . Memory (MB): peak = 855.898 ; gain = 0.000

Phase 1.1.3 Add Constraints
Phase 1.1.3 Add Constraints | Checksum: 99f8b879

Time (s): cpu = 00:00:00 ; elapsed = 00:00:00.058 . Memory (MB): peak = 855.898 ; gain = 0.000

Phase 1.1.4 Build Macros
Phase 1.1.4 Build Macros | Checksum: 13f09dc5e

Time (s): cpu = 00:00:00 ; elapsed = 00:00:00.087 . Memory (MB): peak = 855.898 ; gain = 0.000

Phase 1.1.5 Implementation Feasibility check
Phase 1.1.5 Implementation Feasibility check | Checksum: 13f09dc5e

Time (s): cpu = 00:00:00 ; elapsed = 00:00:00.111 . Memory (MB): peak = 855.898 ; gain = 0.000

Phase 1.1.6 Pre-Place Cells
Phase 1.1.6 Pre-Place Cells | Checksum: 13f09dc5e

Time (s): cpu = 00:00:00 ; elapsed = 00:00:00.115 . Memory (MB): peak = 855.898 ; gain = 0.000

Phase 1.1.7 IO Placement/ Clock Placement/ Build Placer Device
Phase 1.1.7 IO Placement/ Clock Placement/ Build Placer Device | Checksum: 20c8d68ee

Time (s): cpu = 00:00:01 ; elapsed = 00:00:00.546 . Memory (MB): peak = 856.426 ; gain = 0.527

Phase 1.1.8 Build Placer Netlist Model

Phase 1.1.8.1 Place Init Design
Phase 1.1.8.1 Place Init Design | Checksum: 2cc3e016a

Time (s): cpu = 00:00:01 ; elapsed = 00:00:00.571 . Memory (MB): peak = 857.184 ; gain = 1.285
Phase 1.1.8 Build Placer Netlist Model | Checksum: 2cc3e016a

Time (s): cpu = 00:00:01 ; elapsed = 00:00:00.571 . Memory (MB): peak = 857.184 ; gain = 1.285

Phase 1.1.9 Constrain Clocks/Macros

Phase 1.1.9.1 Constrain Global/Regional Clocks
Phase 1.1.9.1 Constrain Global/Regional Clocks | Checksum: 2cc3e016a

Time (s): cpu = 00:00:01 ; elapsed = 00:00:00.577 . Memory (MB): peak = 857.184 ; gain = 1.285
Phase 1.1.9 Constrain Clocks/Macros | Checksum: 2cc3e016a

Time (s): cpu = 00:00:01 ; elapsed = 00:00:00.578 . Memory (MB): peak = 857.184 ; gain = 1.285
Phase 1.1 Placer Initialization Core | Checksum: 2cc3e016a

Time (s): cpu = 00:00:01 ; elapsed = 00:00:00.579 . Memory (MB): peak = 857.184 ; gain = 1.285
Phase 1 Placer Initialization | Checksum: 2cc3e016a

Time (s): cpu = 00:00:01 ; elapsed = 00:00:00.579 . Memory (MB): peak = 857.184 ; gain = 1.285

Phase 2 Global Placement
Phase 2 Global Placement | Checksum: 2712493b5

Time (s): cpu = 00:00:02 ; elapsed = 00:00:01 . Memory (MB): peak = 863.020 ; gain = 7.121

Phase 3 Detail Placement

Phase 3.1 Commit Multi Column Macros
Phase 3.1 Commit Multi Column Macros | Checksum: 2712493b5

Time (s): cpu = 00:00:02 ; elapsed = 00:00:01 . Memory (MB): peak = 863.020 ; gain = 7.121

Phase 3.2 Commit Most Macros & LUTRAMs
Phase 3.2 Commit Most Macros & LUTRAMs | Checksum: 1e3d23db1

Time (s): cpu = 00:00:02 ; elapsed = 00:00:01 . Memory (MB): peak = 863.020 ; gain = 7.121

Phase 3.3 Area Swap Optimization
Phase 3.3 Area Swap Optimization | Checksum: 2452cdb65

Time (s): cpu = 00:00:02 ; elapsed = 00:00:01 . Memory (MB): peak = 863.020 ; gain = 7.121

Phase 3.4 Commit Small Macros & Core Logic
Phase 3.4 Commit Small Macros & Core Logic | Checksum: 20d7d2557

Time (s): cpu = 00:00:02 ; elapsed = 00:00:02 . Memory (MB): peak = 866.430 ; gain = 10.531

Phase 3.5 Re-assign LUT pins
Phase 3.5 Re-assign LUT pins | Checksum: 20d7d2557

Time (s): cpu = 00:00:02 ; elapsed = 00:00:02 . Memory (MB): peak = 866.430 ; gain = 10.531
Phase 3 Detail Placement | Checksum: 20d7d2557

Time (s): cpu = 00:00:02 ; elapsed = 00:00:02 . Memory (MB): peak = 866.430 ; gain = 10.531

Phase 4 Post Placement Optimization and Clean-Up

Phase 4.1 PCOPT Shape updates
Phase 4.1 PCOPT Shape updates | Checksum: 1cc4ae163

Time (s): cpu = 00:00:02 ; elapsed = 00:00:02 . Memory (MB): peak = 866.430 ; gain = 10.531

Phase 4.2 Post Placement Cleanup
Phase 4.2 Post Placement Cleanup | Checksum: 1cc4ae163

Time (s): cpu = 00:00:02 ; elapsed = 00:00:02 . Memory (MB): peak = 866.430 ; gain = 10.531

Phase 4.3 Placer Reporting

Phase 4.3.1 Congestion Reporting
Phase 4.3.1 Congestion Reporting | Checksum: 1cc4ae163

Time (s): cpu = 00:00:02 ; elapsed = 00:00:02 . Memory (MB): peak = 866.430 ; gain = 10.531

Phase 4.3.2 updateTiming final
Phase 4.3.2 updateTiming final | Checksum: 1cc4ae163

Time (s): cpu = 00:00:02 ; elapsed = 00:00:02 . Memory (MB): peak = 866.430 ; gain = 10.531
Phase 4.3 Placer Reporting | Checksum: 1cc4ae163

Time (s): cpu = 00:00:02 ; elapsed = 00:00:02 . Memory (MB): peak = 866.430 ; gain = 10.531

Phase 4.4 Final Placement Cleanup
Phase 4.4 Final Placement Cleanup | Checksum: 1ef155cb9

Time (s): cpu = 00:00:02 ; elapsed = 00:00:02 . Memory (MB): peak = 866.430 ; gain = 10.531
Phase 4 Post Placement Optimization and Clean-Up | Checksum: 1ef155cb9

Time (s): cpu = 00:00:02 ; elapsed = 00:00:02 . Memory (MB): peak = 866.430 ; gain = 10.531
Ending Placer Task | Checksum: 1ae53b156

Time (s): cpu = 00:00:00 ; elapsed = 00:00:02 . Memory (MB): peak = 866.430 ; gain = 10.531
INFO: [Common 17-83] Releasing license: Implementation
30 Infos, 0 Warnings, 0 Critical Warnings and 0 Errors encountered.
place_design completed successfully
INFO: [Timing 38-163] DEBUG : Generate clock report | CPU: 0 secs 

report_utilization: Time (s): cpu = 00:00:00 ; elapsed = 00:00:00.050 . Memory (MB): peak = 866.430 ; gain = 0.000
INFO: [Designutils 20-134] DEBUG : Generate Control Sets report | CPU: 0 secs 
Writing XDEF routing.
Writing XDEF routing logical nets.
Writing XDEF routing special nets.
Write XDEF Complete: Time (s): cpu = 00:00:01 ; elapsed = 00:00:00.129 . Memory (MB): peak = 866.430 ; gain = 0.000
Command: route_design
Attempting to get a license for feature 'Implementation' and/or device 'xc7a100t'
INFO: [Common 17-349] Got license for feature 'Implementation' and/or device 'xc7a100t'
Running DRC as a precondition to command route_design
INFO: [Drc 23-27] Running DRC with 2 threads
INFO: [Vivado_Tcl 4-198] DRC finished with 0 Errors
INFO: [Vivado_Tcl 4-199] Please refer to the DRC report (report_drc) for more information.


Starting Routing Task
INFO: [Route 35-254] Multithreading enabled for route_design using a maximum of 2 CPUs

Starting Route Task

Phase 1 Build RT Design

Phase 1.1 Build Netlist & NodeGraph
Phase 1.1 Build Netlist & NodeGraph | Checksum: 1ae53b156

Time (s): cpu = 00:01:14 ; elapsed = 00:00:34 . Memory (MB): peak = 1039.230 ; gain = 143.176
Phase 1 Build RT Design | Checksum: efdade83

Time (s): cpu = 00:01:14 ; elapsed = 00:00:34 . Memory (MB): peak = 1039.230 ; gain = 143.176

Phase 2 Router Initialization
INFO: [Route 35-64] No timing constraints were detected. The router will operate in resource-optimization mode.

Phase 2.1 Restore Routing
Phase 2.1 Restore Routing | Checksum: efdade83

Time (s): cpu = 00:01:14 ; elapsed = 00:00:34 . Memory (MB): peak = 1047.801 ; gain = 151.746

Phase 2.2 Special Net Routing
 Number of Nodes with overlaps = 0
Phase 2.2 Special Net Routing | Checksum: 1b5a2a842

Time (s): cpu = 00:01:14 ; elapsed = 00:00:34 . Memory (MB): peak = 1047.801 ; gain = 151.746

Phase 2.3 Local Clock Net Routing
Phase 2.3 Local Clock Net Routing | Checksum: 1b5a2a842

Time (s): cpu = 00:01:14 ; elapsed = 00:00:34 . Memory (MB): peak = 1047.801 ; gain = 151.746
Phase 2 Router Initialization | Checksum: 1b5a2a842

Time (s): cpu = 00:01:14 ; elapsed = 00:00:34 . Memory (MB): peak = 1047.801 ; gain = 151.746

Phase 3 Initial Routing
Phase 3 Initial Routing | Checksum: 35b78c64

Time (s): cpu = 00:01:14 ; elapsed = 00:00:34 . Memory (MB): peak = 1047.801 ; gain = 151.746

Phase 4 Rip-up And Reroute

Phase 4.1 Global Iteration 0

Phase 4.1.1 Remove Overlaps
 Number of Nodes with overlaps = 1
 Number of Nodes with overlaps = 0
Phase 4.1.1 Remove Overlaps | Checksum: 158d7f944

Time (s): cpu = 00:01:14 ; elapsed = 00:00:34 . Memory (MB): peak = 1047.801 ; gain = 151.746
Phase 4.1 Global Iteration 0 | Checksum: 158d7f944

Time (s): cpu = 00:01:14 ; elapsed = 00:00:34 . Memory (MB): peak = 1047.801 ; gain = 151.746
Phase 4 Rip-up And Reroute | Checksum: 158d7f944

Time (s): cpu = 00:01:14 ; elapsed = 00:00:34 . Memory (MB): peak = 1047.801 ; gain = 151.746

Phase 5 Post Hold Fix
Phase 5 Post Hold Fix | Checksum: 158d7f944

Time (s): cpu = 00:01:14 ; elapsed = 00:00:34 . Memory (MB): peak = 1047.801 ; gain = 151.746

Router Utilization Summary
  Global Vertical Routing Utilization    = 0.00509205 %
  Global Horizontal Routing Utilization  = 0.00262859 %
  Routable Net Status*
  *Does not include unroutable nets such as driverless and loadless.
  Run report_route_status for detailed report.
  Number of Failed Nets               = 0
  Number of Unrouted Nets             = 0
  Number of Partially Routed Nets     = 0
  Number of Node Overlaps             = 0

Congestion Report
North Dir 1x1 Area, Max Cong = 7.20721%, No Congested Regions.
South Dir 1x1 Area, Max Cong = 10.8108%, No Congested Regions.
East Dir 1x1 Area, Max Cong = 2.94118%, No Congested Regions.
West Dir 1x1 Area, Max Cong = 14.7059%, No Congested Regions.

Phase 6 Verifying routed nets

 Verification completed successfully
Phase 6 Verifying routed nets | Checksum: 158d7f944

Time (s): cpu = 00:01:14 ; elapsed = 00:00:34 . Memory (MB): peak = 1049.152 ; gain = 153.098

Phase 7 Depositing Routes
Phase 7 Depositing Routes | Checksum: 845f2f15

Time (s): cpu = 00:01:14 ; elapsed = 00:00:34 . Memory (MB): peak = 1049.152 ; gain = 153.098
INFO: [Route 35-16] Router Completed Successfully
Ending Route Task | Checksum: 845f2f15

Time (s): cpu = 00:00:00 ; elapsed = 00:00:34 . Memory (MB): peak = 1049.152 ; gain = 153.098

Routing Is Done.

Time (s): cpu = 00:00:00 ; elapsed = 00:00:34 . Memory (MB): peak = 1049.152 ; gain = 153.098
INFO: [Common 17-83] Releasing license: Implementation
40 Infos, 0 Warnings, 0 Critical Warnings and 0 Errors encountered.
route_design completed successfully
route_design: Time (s): cpu = 00:01:14 ; elapsed = 00:00:35 . Memory (MB): peak = 1049.152 ; gain = 182.723
INFO: [Drc 23-27] Running DRC with 2 threads
INFO: [Coretcl 2-168] The results of DRC are in file D:/Xilinx_workspace/led_lights/led_lights.runs/impl_1/led_lights_drc_routed.rpt.
WARNING: [Power 33-232] No user defined clocks was found in the design!
Running Vector-less Activity Propagation...

Finished Running Vector-less Activity Propagation
INFO: [Timing 38-91] UpdateTimingParams: Speed grade: -1, Delay Type: min_max, Constraints type: SDC.
INFO: [Timing 38-191] Multithreading enabled for timing update using a maximum of 2 CPUs
Writing XDEF routing.
Writing XDEF routing logical nets.
Writing XDEF routing special nets.
Write XDEF Complete: Time (s): cpu = 00:00:00 ; elapsed = 00:00:00.078 . Memory (MB): peak = 1049.152 ; gain = 0.000
INFO: [Common 17-206] Exiting Vivado at Fri Sep 12 18:36:38 2014...
